<?xml version="1.0" encoding="UTF-8"?>
<!-- Generated by org.testng.reporters.JUnitXMLReporter -->
<testsuite hostname="Narendras-MacBook-Pro.local" ignored="0" name="Default test" tests="3" failures="0" timestamp="21 May 2017 03:13:45 GMT" time="38.078" errors="0">
  <testcase name="googleTest01" time="13.039" classname="com.narendra.qa.MyTestClass"/>
  <testcase name="googleTest02" time="12.547" classname="com.narendra.qa.MyTestClass"/>
  <testcase name="googleTest03" time="12.474" classname="com.narendra.qa.MyTestClass"/>
</testsuite> <!-- Default test -->
