<?xml version="1.0" encoding="UTF-8"?>
<!-- Generated by org.testng.reporters.JUnitXMLReporter -->
<testsuite hostname="Narendras-MacBook-Pro.local" ignored="0" name="Regression1" tests="3" failures="0" timestamp="21 May 2017 03:47:00 GMT" time="38.218" errors="0">
  <testcase name="googleTest01" time="13.112" classname="com.narendra.qa.MyTestClass"/>
  <testcase name="googleTest02" time="12.609" classname="com.narendra.qa.MyTestClass"/>
  <testcase name="googleTest03" time="12.468" classname="com.narendra.qa.MyTestClass"/>
</testsuite> <!-- Regression1 -->
