<?xml version="1.0" encoding="UTF-8"?>
<testng-results skipped="0" failed="0" ignored="0" total="1" passed="1">
  <reporter-output>
  </reporter-output>
  <suite name="Suite1" duration-ms="30" started-at="2017-05-21T13:14:23Z" finished-at="2017-05-21T13:14:23Z">
    <groups>
    </groups>
    <test name="Regression1" duration-ms="30" started-at="2017-05-21T13:14:23Z" finished-at="2017-05-21T13:14:23Z">
      <class name="com.narendra.qa.MyTestClass">
        <test-method status="PASS" signature="googleTest01()[pri:0, instance:com.narendra.qa.MyTestClass@668bc3d5]" name="googleTest01" duration-ms="6" started-at="2017-05-21T06:14:23Z" finished-at="2017-05-21T06:14:23Z">
          <reporter-output>
          </reporter-output>
        </test-method> <!-- googleTest01 -->
      </class> <!-- com.narendra.qa.MyTestClass -->
    </test> <!-- Regression1 -->
  </suite> <!-- Suite1 -->
</testng-results>
